<?xml version="1.0" encoding="UTF-8"?>
<!-- Generated by org.testng.reporters.JUnitReportReporter -->
<testsuite hostname="DESKTOP-L8BD2G4" failures="0" tests="1" name="testCases.TC002_LoginTest" time="2.542" errors="0" timestamp="2024-12-25T19:13:12 CST" skipped="0">
  <testcase classname="testCases.TC002_LoginTest" name="Verify_Login" time="2.542"/>
</testsuite> <!-- testCases.TC002_LoginTest -->
