<?xml version="1.0" encoding="UTF-8"?>
<!-- Generated by org.testng.reporters.JUnitReportReporter -->
<testsuite hostname="DESKTOP-L8BD2G4" failures="0" tests="1" name="testCases.TC001_AccountRegistrationTest" time="4.879" errors="0" timestamp="2024-12-25T19:13:12 CST" skipped="0">
  <testcase classname="testCases.TC001_AccountRegistrationTest" name="Verify_Registration" time="4.879"/>
</testsuite> <!-- testCases.TC001_AccountRegistrationTest -->
